<?xml version="1.0" encoding="UTF-8"?>
<!-- Generated by org.testng.reporters.JUnitReportReporter -->
<testsuite hostname="DESKTOP-40N8UKJ" failures="0" tests="1" name="cucumber.TestNGTestRunner" time="9.513" errors="0" timestamp="2024-10-24T13:21:08 IST" skipped="0">
  <testcase classname="cucumber.TestNGTestRunner" name="runScenario" time="9.513"/>
</testsuite> <!-- cucumber.TestNGTestRunner -->
